Using pre-set license
Built from '2021.3/staging' branch; Version is '2021.3.3f1 (af2e63e8f9bd) revision 11480675'; Using compiler version '192829333'; Build Type 'Release'
OS: 'Windows 10  (10.0.19045) 64bit Core' Language: 'en' Physical Memory: 16328 MB
BatchMode: 1, IsHumanControllingUs: 0, StartBugReporterOnCrash: 0, Is64bit: 1, IsPro: 1

COMMAND LINE ARGUMENTS:
C:\Program Files\Unity\Hub\Editor\2021.3.3f1\Editor\Unity.exe
-adb2
-batchMode
-noUpm
-name
AssetImportWorker0
-projectPath
D:/UnityProjects/GoodRooms
-logFile
Logs/AssetImportWorker0.log
-srvPort
54695
Successfully changed project path to: D:/UnityProjects/GoodRooms
D:/UnityProjects/GoodRooms
[UnityMemory] Configuration Parameters - Can be set up in boot.config
    "memorysetup-bucket-allocator-granularity=16"
    "memorysetup-bucket-allocator-bucket-count=8"
    "memorysetup-bucket-allocator-block-size=33554432"
    "memorysetup-bucket-allocator-block-count=8"
    "memorysetup-main-allocator-block-size=16777216"
    "memorysetup-thread-allocator-block-size=16777216"
    "memorysetup-gfx-main-allocator-block-size=16777216"
    "memorysetup-gfx-thread-allocator-block-size=16777216"
    "memorysetup-cache-allocator-block-size=4194304"
    "memorysetup-typetree-allocator-block-size=2097152"
    "memorysetup-profiler-bucket-allocator-granularity=16"
    "memorysetup-profiler-bucket-allocator-bucket-count=8"
    "memorysetup-profiler-bucket-allocator-block-size=33554432"
    "memorysetup-profiler-bucket-allocator-block-count=8"
    "memorysetup-profiler-allocator-block-size=16777216"
    "memorysetup-profiler-editor-allocator-block-size=1048576"
    "memorysetup-temp-allocator-size-main=16777216"
    "memorysetup-job-temp-allocator-block-size=2097152"
    "memorysetup-job-temp-allocator-block-size-background=1048576"
    "memorysetup-job-temp-allocator-reduction-small-platforms=262144"
    "memorysetup-temp-allocator-size-background-worker=32768"
    "memorysetup-temp-allocator-size-job-worker=262144"
    "memorysetup-temp-allocator-size-preload-manager=33554432"
    "memorysetup-temp-allocator-size-nav-mesh-worker=65536"
    "memorysetup-temp-allocator-size-audio-worker=65536"
    "memorysetup-temp-allocator-size-cloud-worker=32768"
    "memorysetup-temp-allocator-size-gi-baking-worker=262144"
    "memorysetup-temp-allocator-size-gfx=262144"
Refreshing native plugins compatible for Editor in 215.27 ms, found 6 plugins.
Preloading 0 native plugins for Editor in 0.00 ms.
Initialize engine version: 2021.3.3f1 (af2e63e8f9bd)
[Subsystems] Discovering subsystems at path C:/Program Files/Unity/Hub/Editor/2021.3.3f1/Editor/Data/Resources/UnitySubsystems
[Subsystems] Discovering subsystems at path D:/UnityProjects/GoodRooms/Assets
GfxDevice: creating device client; threaded=0; jobified=0
Direct3D:
    Version:  Direct3D 11.0 [level 11.0]
    Renderer: NVIDIA GeForce GTX 780 (ID=0x1004)
    Vendor:   NVIDIA
    VRAM:     3029 MB
    Driver:   30.0.14.7430
Initialize mono
Mono path[0] = 'C:/Program Files/Unity/Hub/Editor/2021.3.3f1/Editor/Data/Managed'
Mono path[1] = 'C:/Program Files/Unity/Hub/Editor/2021.3.3f1/Editor/Data/MonoBleedingEdge/lib/mono/unityjit-win32'
Mono config path = 'C:/Program Files/Unity/Hub/Editor/2021.3.3f1/Editor/Data/MonoBleedingEdge/etc'
Using monoOptions --debugger-agent=transport=dt_socket,embedding=1,server=y,suspend=n,address=127.0.0.1:56528
Begin MonoManager ReloadAssembly
Registering precompiled unity dll's ...
Register platform support module: C:/Program Files/Unity/Hub/Editor/2021.3.3f1/Editor/Data/PlaybackEngines/WebGLSupport/UnityEditor.WebGL.Extensions.dll
Register platform support module: C:/Program Files/Unity/Hub/Editor/2021.3.3f1/Editor/Data/PlaybackEngines/MacStandaloneSupport/UnityEditor.OSXStandalone.Extensions.dll
Register platform support module: C:/Program Files/Unity/Hub/Editor/2021.3.3f1/Editor/Data/PlaybackEngines/AndroidPlayer/UnityEditor.Android.Extensions.dll
Register platform support module: C:/Program Files/Unity/Hub/Editor/2021.3.3f1/Editor/Data/PlaybackEngines/WindowsStandaloneSupport/UnityEditor.WindowsStandalone.Extensions.dll
Register platform support module: C:/Program Files/Unity/Hub/Editor/2021.3.3f1/Editor/Data/PlaybackEngines/LinuxStandaloneSupport/UnityEditor.LinuxStandalone.Extensions.dll
Register platform support module: C:/Program Files/Unity/Hub/Editor/2021.3.3f1/Editor/Data/PlaybackEngines/MetroSupport/UnityEditor.UWP.Extensions.dll
Registered in 0.033292 seconds.
Native extension for UWP target not found
Native extension for LinuxStandalone target not found
Native extension for WindowsStandalone target not found
Native extension for Android target not found
Native extension for OSXStandalone target not found
Native extension for WebGL target not found
Refreshing native plugins compatible for Editor in 211.41 ms, found 6 plugins.
Preloading 0 native plugins for Editor in 0.00 ms.
Mono: successfully reloaded assembly
- Completed reload, in  2.290 seconds
Domain Reload Profiling:
	ReloadAssembly (2291ms)
		BeginReloadAssembly (254ms)
			ExecutionOrderSort (0ms)
			DisableScriptedObjects (0ms)
			BackupInstance (0ms)
			ReleaseScriptingObjects (0ms)
			CreateAndSetChildDomain (2ms)
		EndReloadAssembly (1601ms)
			LoadAssemblies (262ms)
			RebuildTransferFunctionScriptingTraits (0ms)
			SetupTypeCache (407ms)
			ReleaseScriptCaches (0ms)
			RebuildScriptCaches (101ms)
			SetupLoadedEditorAssemblies (928ms)
				LogAssemblyErrors (0ms)
				InitializePlatformSupportModulesInManaged (259ms)
				SetLoadedEditorAssemblies (4ms)
				RefreshPlugins (212ms)
				BeforeProcessingInitializeOnLoad (7ms)
				ProcessInitializeOnLoadAttributes (346ms)
				ProcessInitializeOnLoadMethodAttributes (100ms)
				AfterProcessingInitializeOnLoad (0ms)
				EditorAssembliesLoaded (0ms)
			ExecutionOrderSort2 (0ms)
			AwakeInstancesAfterBackupRestoration (0ms)
Platform modules already initialized, skipping
Registering precompiled user dll's ...
Registered in 0.033886 seconds.
Android Extension - Scanning For ADB Devices 1837 ms
Begin MonoManager ReloadAssembly
Symbol file LoadedFromMemory doesn't match image D:\UnityProjects\GoodRooms\Library\PackageCache\com.unity.visualscripting@1.7.6\Editor\VisualScripting.Core\Dependencies\YamlDotNet\Unity.VisualScripting.YamlDotNet.dll
Symbol file LoadedFromMemory doesn't match image D:\UnityProjects\GoodRooms\Library\PackageCache\com.unity.visualscripting@1.7.6\Editor\VisualScripting.Core\Dependencies\DotNetZip\Unity.VisualScripting.IonicZip.dll
Native extension for UWP target not found
Native extension for LinuxStandalone target not found
Native extension for WindowsStandalone target not found
Native extension for Android target not found
Native extension for OSXStandalone target not found
Native extension for WebGL target not found
Refreshing native plugins compatible for Editor in 1.45 ms, found 6 plugins.
Preloading 0 native plugins for Editor in 0.00 ms.
System.Exception: Error! Visual Scripting: couldn't find visual scripting package
  at Unity.VisualScripting.PackageVersionUtility.get_version () [0x00043] in D:\UnityProjects\GoodRooms\Library\PackageCache\com.unity.visualscripting@1.7.6\Editor\VisualScripting.Core\Utilities\PackageVersionUtility.cs:31 
  at Unity.VisualScripting.BoltCoreManifest.get_version () [0x00000] in D:\UnityProjects\GoodRooms\Library\PackageCache\com.unity.visualscripting@1.7.6\Editor\VisualScripting.Core\Plugin\BoltCoreManifest.cs:11 
  at Unity.VisualScripting.PluginManifest.get_currentVersion () [0x00000] in D:\UnityProjects\GoodRooms\Library\PackageCache\com.unity.visualscripting@1.7.6\Editor\VisualScripting.Core\Plugins\PluginManifest.cs:33 
  at Unity.VisualScripting.PluginManifest.get_versionMismatch () [0x00000] in D:\UnityProjects\GoodRooms\Library\PackageCache\com.unity.visualscripting@1.7.6\Editor\VisualScripting.Core\Plugins\PluginManifest.cs:48 
  at Unity.VisualScripting.PluginContainer.Initialize () [0x00525] in D:\UnityProjects\GoodRooms\Library\PackageCache\com.unity.visualscripting@1.7.6\Editor\VisualScripting.Core\Plugins\PluginContainer.cs:208 
  at Unity.VisualScripting.PluginContainer.InitializeOnLoad () [0x00009] in D:\UnityProjects\GoodRooms\Library\PackageCache\com.unity.visualscripting@1.7.6\Editor\VisualScripting.Core\Plugins\PluginContainer.cs:32 
  at Unity.VisualScripting.VSUsageUtility.DoInitializeOnLoadCalls () [0x00034] in D:\UnityProjects\GoodRooms\Library\PackageCache\com.unity.visualscripting@1.7.6\Editor\VisualScripting.Core\Utilities\VSUsageUtility.cs:76 
  at Unity.VisualScripting.VSUsageUtility.set_isVisualScriptingUsed (System.Boolean value) [0x0002c] in D:\UnityProjects\GoodRooms\Library\PackageCache\com.unity.visualscripting@1.7.6\Editor\VisualScripting.Core\Utilities\VSUsageUtility.cs:114 
  at Unity.VisualScripting.VSUsageUtility.CheckAndSetIsVisualScriptingUsed () [0x00032] in D:\UnityProjects\GoodRooms\Library\PackageCache\com.unity.visualscripting@1.7.6\Editor\VisualScripting.Core\Utilities\VSUsageUtility.cs:48 
  at Unity.VisualScripting.VSUsageUtility..cctor () [0x00000] in D:\UnityProjects\GoodRooms\Library\PackageCache\com.unity.visualscripting@1.7.6\Editor\VisualScripting.Core\Utilities\VSUsageUtility.cs:22 
UnityEngine.StackTraceUtility:ExtractStackTrace ()
UnityEngine.DebugLogHandler:LogFormat (UnityEngine.LogType,UnityEngine.Object,string,object[])
UnityEngine.Logger:Log (UnityEngine.LogType,object)
UnityEngine.Debug:LogError (object)
UnityEditor.EditorAssemblies:ProcessInitializeOnLoadAttributes (System.Type[])

Mono: successfully reloaded assembly
- Completed reload, in  4.995 seconds
Domain Reload Profiling:
	ReloadAssembly (4997ms)
		BeginReloadAssembly (425ms)
			ExecutionOrderSort (0ms)
			DisableScriptedObjects (19ms)
			BackupInstance (0ms)
			ReleaseScriptingObjects (0ms)
			CreateAndSetChildDomain (59ms)
		EndReloadAssembly (3878ms)
			LoadAssemblies (708ms)
			RebuildTransferFunctionScriptingTraits (0ms)
			SetupTypeCache (934ms)
			ReleaseScriptCaches (1ms)
			RebuildScriptCaches (130ms)
			SetupLoadedEditorAssemblies (1942ms)
				LogAssemblyErrors (0ms)
				InitializePlatformSupportModulesInManaged (61ms)
				SetLoadedEditorAssemblies (1ms)
				RefreshPlugins (2ms)
				BeforeProcessingInitializeOnLoad (437ms)
				ProcessInitializeOnLoadAttributes (1352ms)
				ProcessInitializeOnLoadMethodAttributes (67ms)
				AfterProcessingInitializeOnLoad (22ms)
				EditorAssembliesLoaded (1ms)
			ExecutionOrderSort2 (0ms)
			AwakeInstancesAfterBackupRestoration (18ms)
Platform modules already initialized, skipping
========================================================================
Worker process is ready to serve import requests
Launched and connected shader compiler UnityShaderCompiler.exe after 0.09 seconds
Refreshing native plugins compatible for Editor in 1.37 ms, found 6 plugins.
Preloading 0 native plugins for Editor in 0.00 ms.
Unloading 3912 Unused Serialized files (Serialized files now loaded: 1)
Unloading 38 unused Assets / (110.6 KB). Loaded Objects now: 4367.
Memory consumption went from 142.4 MB to 142.3 MB.
Total: 19.705200 ms (FindLiveObjects: 0.501200 ms CreateObjectMapping: 0.244200 ms MarkObjects: 18.720600 ms  DeleteObjects: 0.237000 ms)

AssetImportParameters requested are different than current active one (requested -> active):
  custom:video-decoder-ogg-theora: a1e56fd34408186e4bbccfd4996cb3dc -> 
  custom:container-muxer-webm: aa71ff27fc2769a1b78a27578f13a17b -> 
  custom:container-demuxer-webm: 4f35f7cbe854078d1ac9338744f61a02 -> 
  custom:video-encoder-webm-vp8: eb34c28f22e8b96e1ab97ce403110664 -> 
  custom:audio-encoder-webm-vorbis: bf7c407c2cedff20999df2af8eb42d56 -> 
  custom:framework-win-MediaFoundation: 216162199b28c13a410421893ffa2e32 -> 
  custom:container-demuxer-ogg: 62fdf1f143b41e24485cea50d1cbac27 -> 
  custom:video-decoder-webm-vp8: 9c59270c3fd7afecdb556c50c9e8de78 -> 
  custom:audio-decoder-ogg-vorbis: bf7c407c2cedff20999df2af8eb42d56 -> 
========================================================================
Received Import Request.
  Time since last request: 2795.038268 seconds.
  path: Assets/Textures/NewLogo.png
  artifactKey: Guid(63d677ca6c1139442a1818fef8535366) Importer(815301076,1909f56bfc062723c751e8b465ee728b)
Start importing Assets/Textures/NewLogo.png using Guid(63d677ca6c1139442a1818fef8535366) Importer(815301076,1909f56bfc062723c751e8b465ee728b)  -> (artifact id: '97cdec3afdee3fc5122dc57de01937a9') in 0.347757 seconds 
========================================================================
Received Import Request.
  Time since last request: 0.000108 seconds.
  path: Assets/Textures/grstuds.png
  artifactKey: Guid(834551a540feb4148ab21c6e250563f0) Importer(815301076,1909f56bfc062723c751e8b465ee728b)
Start importing Assets/Textures/grstuds.png using Guid(834551a540feb4148ab21c6e250563f0) Importer(815301076,1909f56bfc062723c751e8b465ee728b)  -> (artifact id: 'd4299e563268fe9468fb94c4149b7f1b') in 0.040696 seconds 
========================================================================
Received Import Request.
  Time since last request: 0.000055 seconds.
  path: Assets/Textures/x2.png
  artifactKey: Guid(3f8031eccb6ca404c9db4b2ecaf9a466) Importer(815301076,1909f56bfc062723c751e8b465ee728b)
Start importing Assets/Textures/x2.png using Guid(3f8031eccb6ca404c9db4b2ecaf9a466) Importer(815301076,1909f56bfc062723c751e8b465ee728b)  -> (artifact id: '325897890fb68bbb6330d6f1dd429f51') in 0.111193 seconds 
========================================================================
Received Import Request.
  Time since last request: 0.000032 seconds.
  path: Assets/Textures/smile face.png
  artifactKey: Guid(a2911b4ef272dd944b9ecae1254798e5) Importer(815301076,1909f56bfc062723c751e8b465ee728b)
Start importing Assets/Textures/smile face.png using Guid(a2911b4ef272dd944b9ecae1254798e5) Importer(815301076,1909f56bfc062723c751e8b465ee728b)  -> (artifact id: '0a30242a0a14aa9a8f71154f2fbab5ab') in 0.018041 seconds 
========================================================================
Received Import Request.
  Time since last request: 0.000036 seconds.
  path: Assets/Textures/goodroomsface.png
  artifactKey: Guid(b386384ed68d8b642866690919c01c4f) Importer(815301076,1909f56bfc062723c751e8b465ee728b)
Start importing Assets/Textures/goodroomsface.png using Guid(b386384ed68d8b642866690919c01c4f) Importer(815301076,1909f56bfc062723c751e8b465ee728b)  -> (artifact id: 'f6398c4a512ee4096b7e39bd4f0ac86f') in 0.030876 seconds 
========================================================================
Received Import Request.
  Time since last request: 0.000034 seconds.
  path: Assets/Textures/bubble retry.png
  artifactKey: Guid(340274c5de90ac14f83aff7d58810a11) Importer(815301076,1909f56bfc062723c751e8b465ee728b)
Start importing Assets/Textures/bubble retry.png using Guid(340274c5de90ac14f83aff7d58810a11) Importer(815301076,1909f56bfc062723c751e8b465ee728b)  -> (artifact id: '28d7666355a35cbbe211cb9df078eef8') in 0.063327 seconds 
========================================================================
Received Import Request.
  Time since last request: 0.000037 seconds.
  path: Assets/Textures/grstudsUI.png
  artifactKey: Guid(3493900c493234d4da3e6d2c2cec7298) Importer(815301076,1909f56bfc062723c751e8b465ee728b)
Start importing Assets/Textures/grstudsUI.png using Guid(3493900c493234d4da3e6d2c2cec7298) Importer(815301076,1909f56bfc062723c751e8b465ee728b)  -> (artifact id: 'b3b8aa441b231738f26df2f01d57e6bf') in 0.052630 seconds 
========================================================================
Received Import Request.
  Time since last request: 0.000047 seconds.
  path: Assets/Textures/goodromslogo.png
  artifactKey: Guid(19a08e8f013a23e4fa4158a0729aae75) Importer(815301076,1909f56bfc062723c751e8b465ee728b)
Start importing Assets/Textures/goodromslogo.png using Guid(19a08e8f013a23e4fa4158a0729aae75) Importer(815301076,1909f56bfc062723c751e8b465ee728b)  -> (artifact id: '4f9f992ab69ad07ad3d99ff78cc5d192') in 0.041060 seconds 
========================================================================
Received Import Request.
  Time since last request: 0.000043 seconds.
  path: Assets/Textures/LoadingScreenCircle.png
  artifactKey: Guid(32c52cc3eb76b7c4a979cd09105e0c5d) Importer(815301076,1909f56bfc062723c751e8b465ee728b)
Start importing Assets/Textures/LoadingScreenCircle.png using Guid(32c52cc3eb76b7c4a979cd09105e0c5d) Importer(815301076,1909f56bfc062723c751e8b465ee728b)  -> (artifact id: '7aae87906359e8a2d9f83bfc9e5b8437') in 0.065800 seconds 
========================================================================
Received Import Request.
  Time since last request: 0.000034 seconds.
  path: Assets/Textures/a literal white squarwe.png
  artifactKey: Guid(62223547deaacb6458ccbb19ec950140) Importer(815301076,1909f56bfc062723c751e8b465ee728b)
Start importing Assets/Textures/a literal white squarwe.png using Guid(62223547deaacb6458ccbb19ec950140) Importer(815301076,1909f56bfc062723c751e8b465ee728b)  -> (artifact id: '19f3f32057402ca9eddc06850eea0a35') in 0.098342 seconds 
========================================================================
Received Import Request.
  Time since last request: 0.000048 seconds.
  path: Assets/Textures/GRIcon.png
  artifactKey: Guid(8972953d64a134345a18983921a4f6ed) Importer(815301076,1909f56bfc062723c751e8b465ee728b)
Start importing Assets/Textures/GRIcon.png using Guid(8972953d64a134345a18983921a4f6ed) Importer(815301076,1909f56bfc062723c751e8b465ee728b)  -> (artifact id: '0dc101614e447dbcf203c866a7d8b0bd') in 0.048483 seconds 
========================================================================
Received Import Request.
  Time since last request: 0.000054 seconds.
  path: Assets/Textures/x button.png
  artifactKey: Guid(0160a31039871424e8fc40c0938de01a) Importer(815301076,1909f56bfc062723c751e8b465ee728b)
Start importing Assets/Textures/x button.png using Guid(0160a31039871424e8fc40c0938de01a) Importer(815301076,1909f56bfc062723c751e8b465ee728b)  -> (artifact id: '84e2520957c8a79db58b85c29cb253ee') in 0.053258 seconds 
========================================================================
Received Import Request.
  Time since last request: 3.968135 seconds.
  path: Assets/Textures/goodroomsface.png
  artifactKey: Guid(b386384ed68d8b642866690919c01c4f) Importer(815301076,1909f56bfc062723c751e8b465ee728b)
Start importing Assets/Textures/goodroomsface.png using Guid(b386384ed68d8b642866690919c01c4f) Importer(815301076,1909f56bfc062723c751e8b465ee728b)  -> (artifact id: '5e41e8588aa7509d25f4cae41ce241ed') in 0.022534 seconds 
========================================================================
Received Import Request.
  Time since last request: 92.982338 seconds.
  path: Assets/Models/newgrshead.obj
  artifactKey: Guid(2e0b87d69f71ee440800aac51ff57396) Importer(815301076,1909f56bfc062723c751e8b465ee728b)
Start importing Assets/Models/newgrshead.obj using Guid(2e0b87d69f71ee440800aac51ff57396) Importer(815301076,1909f56bfc062723c751e8b465ee728b)  -> (artifact id: '9937386d7b48c1fe81f299d8b32b684e') in 0.238084 seconds 
========================================================================
Received Import Request.
  Time since last request: 4.822162 seconds.
  path: Assets/Models
  artifactKey: Guid(65452fe28742d1a4b9121c9b52de8b1d) Importer(815301076,1909f56bfc062723c751e8b465ee728b)
Start importing Assets/Models using Guid(65452fe28742d1a4b9121c9b52de8b1d) Importer(815301076,1909f56bfc062723c751e8b465ee728b)  -> (artifact id: '86156889c0d381b11873021c614dfe58') in 0.005437 seconds 
========================================================================
Received Import Request.
  Time since last request: 40.419427 seconds.
  path: Assets/Models/newgrsheadfixed.obj
  artifactKey: Guid(15e9fa91de674c44384f38ff72859ee0) Importer(815301076,1909f56bfc062723c751e8b465ee728b)
Start importing Assets/Models/newgrsheadfixed.obj using Guid(15e9fa91de674c44384f38ff72859ee0) Importer(815301076,1909f56bfc062723c751e8b465ee728b)  -> (artifact id: '6bb0ccd41374b5b5903b59c2991cdd12') in 0.052492 seconds 
========================================================================
Received Import Request.
  Time since last request: 69.490356 seconds.
  path: Assets/Textures/smile face.png
  artifactKey: Guid(a2911b4ef272dd944b9ecae1254798e5) Importer(815301076,1909f56bfc062723c751e8b465ee728b)
Start importing Assets/Textures/smile face.png using Guid(a2911b4ef272dd944b9ecae1254798e5) Importer(815301076,1909f56bfc062723c751e8b465ee728b)  -> (artifact id: 'c80a3e45450976b48a3f1559027756f3') in 0.019582 seconds 
========================================================================
Received Import Request.
  Time since last request: 53.349897 seconds.
  path: Assets/Materials/BODY.mat
  artifactKey: Guid(2a3dd89606b76284cbf7c076cac45fa9) Importer(815301076,1909f56bfc062723c751e8b465ee728b)
Start importing Assets/Materials/BODY.mat using Guid(2a3dd89606b76284cbf7c076cac45fa9) Importer(815301076,1909f56bfc062723c751e8b465ee728b)  -> (artifact id: 'e749a81803e82463305710c818658cae') in 0.043456 seconds 
========================================================================
Received Import Request.
  Time since last request: 0.000033 seconds.
  path: Assets/Materials/smile face.mat
  artifactKey: Guid(be8b25f94ad97df4fb3abb7322d28ed6) Importer(815301076,1909f56bfc062723c751e8b465ee728b)
Start importing Assets/Materials/smile face.mat using Guid(be8b25f94ad97df4fb3abb7322d28ed6) Importer(815301076,1909f56bfc062723c751e8b465ee728b)  -> (artifact id: '49de65b4fa02e80249dd51d8c6fc97e8') in 0.026789 seconds 
========================================================================
Received Import Request.
  Time since last request: 0.000036 seconds.
  path: Assets/Materials/grstuds.mat
  artifactKey: Guid(0552910cefadfb2439f1c2b1e573a1cd) Importer(815301076,1909f56bfc062723c751e8b465ee728b)
Start importing Assets/Materials/grstuds.mat using Guid(0552910cefadfb2439f1c2b1e573a1cd) Importer(815301076,1909f56bfc062723c751e8b465ee728b)  -> (artifact id: '2068ff9bb96926601e9c04dde45122db') in 0.131599 seconds 
========================================================================
Received Import Request.
  Time since last request: 94.854226 seconds.
  path: Assets/Textures/smile face.png
  artifactKey: Guid(a2911b4ef272dd944b9ecae1254798e5) Importer(815301076,1909f56bfc062723c751e8b465ee728b)
Start importing Assets/Textures/smile face.png using Guid(a2911b4ef272dd944b9ecae1254798e5) Importer(815301076,1909f56bfc062723c751e8b465ee728b)  -> (artifact id: 'bdf97151ce5ad3694f123a92dccea625') in 0.019316 seconds 
========================================================================
Received Import Request.
  Time since last request: 37.209801 seconds.
  path: Assets/Resources/ActualPlayer.prefab
  artifactKey: Guid(7901f7b289ef7fa45bec05a7bc57fa9d) Importer(815301076,1909f56bfc062723c751e8b465ee728b)
Start importing Assets/Resources/ActualPlayer.prefab using Guid(7901f7b289ef7fa45bec05a7bc57fa9d) Importer(815301076,1909f56bfc062723c751e8b465ee728b)  -> (artifact id: 'f5ee5c0c7ff8c41e68a17e254b245d61') in 0.161122 seconds 
========================================================================
Received Import Request.
  Time since last request: 0.000052 seconds.
  path: Assets/Resources/ActualPlayerBackup.prefab
  artifactKey: Guid(aae2b692d67f8af439e0fbe1f9ab1c46) Importer(815301076,1909f56bfc062723c751e8b465ee728b)
Start importing Assets/Resources/ActualPlayerBackup.prefab using Guid(aae2b692d67f8af439e0fbe1f9ab1c46) Importer(815301076,1909f56bfc062723c751e8b465ee728b)  -> (artifact id: '482f04190d75150ec7326332446f37d7') in 0.095037 seconds 
========================================================================
Received Prepare
Refreshing native plugins compatible for Editor in 166.43 ms, found 6 plugins.
Preloading 0 native plugins for Editor in 0.00 ms.
Unloading 31 Unused Serialized files (Serialized files now loaded: 1)
Unloading 30 unused Assets / (78.3 KB). Loaded Objects now: 4431.
Memory consumption went from 70.2 MB to 70.1 MB.
Total: 23.391000 ms (FindLiveObjects: 0.483900 ms CreateObjectMapping: 0.258700 ms MarkObjects: 22.451600 ms  DeleteObjects: 0.194900 ms)

AssetImportParameters requested are different than current active one (requested -> active):
  custom:video-decoder-ogg-theora: a1e56fd34408186e4bbccfd4996cb3dc -> 
  custom:container-muxer-webm: aa71ff27fc2769a1b78a27578f13a17b -> 
  custom:container-demuxer-webm: 4f35f7cbe854078d1ac9338744f61a02 -> 
  custom:video-encoder-webm-vp8: eb34c28f22e8b96e1ab97ce403110664 -> 
  custom:audio-encoder-webm-vorbis: bf7c407c2cedff20999df2af8eb42d56 -> 
  custom:framework-win-MediaFoundation: 216162199b28c13a410421893ffa2e32 -> 
  custom:container-demuxer-ogg: 62fdf1f143b41e24485cea50d1cbac27 -> 
  custom:video-decoder-webm-vp8: 9c59270c3fd7afecdb556c50c9e8de78 -> 
  custom:audio-decoder-ogg-vorbis: bf7c407c2cedff20999df2af8eb42d56 -> 
========================================================================
Received Prepare
Registering precompiled user dll's ...
Registered in 0.028419 seconds.
Begin MonoManager ReloadAssembly
Symbol file LoadedFromMemory doesn't match image D:\UnityProjects\GoodRooms\Library\PackageCache\com.unity.visualscripting@1.7.6\Editor\VisualScripting.Core\Dependencies\YamlDotNet\Unity.VisualScripting.YamlDotNet.dll
Symbol file LoadedFromMemory doesn't match image D:\UnityProjects\GoodRooms\Library\PackageCache\com.unity.visualscripting@1.7.6\Editor\VisualScripting.Core\Dependencies\DotNetZip\Unity.VisualScripting.IonicZip.dll
Native extension for UWP target not found
Native extension for LinuxStandalone target not found
Native extension for WindowsStandalone target not found
Native extension for Android target not found
Native extension for OSXStandalone target not found
Native extension for WebGL target not found
Refreshing native plugins compatible for Editor in 1.57 ms, found 6 plugins.
Preloading 0 native plugins for Editor in 0.00 ms.
Exception: Error! Visual Scripting: couldn't find visual scripting package
  at Unity.VisualScripting.PackageVersionUtility.get_version () [0x00043] in D:\UnityProjects\GoodRooms\Library\PackageCache\com.unity.visualscripting@1.7.6\Editor\VisualScripting.Core\Utilities\PackageVersionUtility.cs:31 
  at Unity.VisualScripting.BoltCoreManifest.get_version () [0x00000] in D:\UnityProjects\GoodRooms\Library\PackageCache\com.unity.visualscripting@1.7.6\Editor\VisualScripting.Core\Plugin\BoltCoreManifest.cs:11 
  at Unity.VisualScripting.PluginConfiguration.Initialize () [0x000ab] in D:\UnityProjects\GoodRooms\Library\PackageCache\com.unity.visualscripting@1.7.6\Editor\VisualScripting.Core\Plugins\PluginConfiguration.cs:57 
  at Unity.VisualScripting.PluginContainer.Initialize () [0x004a3] in D:\UnityProjects\GoodRooms\Library\PackageCache\com.unity.visualscripting@1.7.6\Editor\VisualScripting.Core\Plugins\PluginContainer.cs:199 
Rethrow as Exception: Failed to initialize plugin module 'VisualScripting.Core.BoltCoreConfiguration'.

UnityEngine.DebugLogHandler:Internal_LogException(Exception, Object)
UnityEngine.DebugLogHandler:LogException(Exception, Object)
UnityEngine.Logger:LogException(Exception, Object)
UnityEngine.Debug:LogException(Exception)
Unity.VisualScripting.PluginContainer:Initialize() (at Library\PackageCache\com.unity.visualscripting@1.7.6\Editor\VisualScripting.Core\Plugins\PluginContainer.cs:204)
Unity.VisualScripting.PluginContainer:InitializeOnLoad() (at Library\PackageCache\com.unity.visualscripting@1.7.6\Editor\VisualScripting.Core\Plugins\PluginContainer.cs:32)
Unity.VisualScripting.VSUsageUtility:DoInitializeOnLoadCalls() (at Library\PackageCache\com.unity.visualscripting@1.7.6\Editor\VisualScripting.Core\Utilities\VSUsageUtility.cs:76)
Unity.VisualScripting.VSUsageUtility:set_isVisualScriptingUsed(Boolean) (at Library\PackageCache\com.unity.visualscripting@1.7.6\Editor\VisualScripting.Core\Utilities\VSUsageUtility.cs:114)
Unity.VisualScripting.VSUsageUtility:CheckAndSetIsVisualScriptingUsed() (at Library\PackageCache\com.unity.visualscripting@1.7.6\Editor\VisualScripting.Core\Utilities\VSUsageUtility.cs:33)
Unity.VisualScripting.VSUsageUtility:.cctor() (at Library\PackageCache\com.unity.visualscripting@1.7.6\Editor\VisualScripting.Core\Utilities\VSUsageUtility.cs:22)
System.Runtime.CompilerServices.RuntimeHelpers:RunClassConstructor(IntPtr)
System.Runtime.CompilerServices.RuntimeHelpers:RunClassConstructor(RuntimeTypeHandle)
UnityEditor.EditorAssemblies:ProcessInitializeOnLoadAttributes(Type[])

(Filename: Library/PackageCache/com.unity.visualscripting@1.7.6/Editor/VisualScripting.Core/Plugins/PluginContainer.cs Line: 204)

System.Exception: Error! Visual Scripting: couldn't find visual scripting package
  at Unity.VisualScripting.PackageVersionUtility.get_version () [0x00043] in D:\UnityProjects\GoodRooms\Library\PackageCache\com.unity.visualscripting@1.7.6\Editor\VisualScripting.Core\Utilities\PackageVersionUtility.cs:31 
  at Unity.VisualScripting.BoltCoreManifest.get_version () [0x00000] in D:\UnityProjects\GoodRooms\Library\PackageCache\com.unity.visualscripting@1.7.6\Editor\VisualScripting.Core\Plugin\BoltCoreManifest.cs:11 
  at Unity.VisualScripting.PluginManifest.get_currentVersion () [0x00000] in D:\UnityProjects\GoodRooms\Library\PackageCache\com.unity.visualscripting@1.7.6\Editor\VisualScripting.Core\Plugins\PluginManifest.cs:33 
  at Unity.VisualScripting.PluginManifest.get_versionMismatch () [0x00000] in D:\UnityProjects\GoodRooms\Library\PackageCache\com.unity.visualscripting@1.7.6\Editor\VisualScripting.Core\Plugins\PluginManifest.cs:48 
  at Unity.VisualScripting.PluginContainer.Initialize () [0x00525] in D:\UnityProjects\GoodRooms\Library\PackageCache\com.unity.visualscripting@1.7.6\Editor\VisualScripting.Core\Plugins\PluginContainer.cs:208 
  at Unity.VisualScripting.PluginContainer.InitializeOnLoad () [0x00009] in D:\UnityProjects\GoodRooms\Library\PackageCache\com.unity.visualscripting@1.7.6\Editor\VisualScripting.Core\Plugins\PluginContainer.cs:32 
  at Unity.VisualScripting.VSUsageUtility.DoInitializeOnLoadCalls () [0x00034] in D:\UnityProjects\GoodRooms\Library\PackageCache\com.unity.visualscripting@1.7.6\Editor\VisualScripting.Core\Utilities\VSUsageUtility.cs:76 
  at Unity.VisualScripting.VSUsageUtility.set_isVisualScriptingUsed (System.Boolean value) [0x0002c] in D:\UnityProjects\GoodRooms\Library\PackageCache\com.unity.visualscripting@1.7.6\Editor\VisualScripting.Core\Utilities\VSUsageUtility.cs:114 
  at Unity.VisualScripting.VSUsageUtility.CheckAndSetIsVisualScriptingUsed () [0x0000d] in D:\UnityProjects\GoodRooms\Library\PackageCache\com.unity.visualscripting@1.7.6\Editor\VisualScripting.Core\Utilities\VSUsageUtility.cs:33 
  at Unity.VisualScripting.VSUsageUtility..cctor () [0x00000] in D:\UnityProjects\GoodRooms\Library\PackageCache\com.unity.visualscripting@1.7.6\Editor\VisualScripting.Core\Utilities\VSUsageUtility.cs:22 
UnityEngine.StackTraceUtility:ExtractStackTrace ()
UnityEngine.DebugLogHandler:LogFormat (UnityEngine.LogType,UnityEngine.Object,string,object[])
UnityEngine.Logger:Log (UnityEngine.LogType,object)
UnityEngine.Debug:LogError (object)
UnityEditor.EditorAssemblies:ProcessInitializeOnLoadAttributes (System.Type[])

Mono: successfully reloaded assembly
- Completed reload, in  4.076 seconds
Domain Reload Profiling:
	ReloadAssembly (4077ms)
		BeginReloadAssembly (409ms)
			ExecutionOrderSort (0ms)
			DisableScriptedObjects (10ms)
			BackupInstance (0ms)
			ReleaseScriptingObjects (0ms)
			CreateAndSetChildDomain (101ms)
		EndReloadAssembly (3377ms)
			LoadAssemblies (346ms)
			RebuildTransferFunctionScriptingTraits (0ms)
			SetupTypeCache (613ms)
			ReleaseScriptCaches (2ms)
			RebuildScriptCaches (104ms)
			SetupLoadedEditorAssemblies (1576ms)
				LogAssemblyErrors (0ms)
				InitializePlatformSupportModulesInManaged (62ms)
				SetLoadedEditorAssemblies (2ms)
				RefreshPlugins (2ms)
				BeforeProcessingInitializeOnLoad (275ms)
				ProcessInitializeOnLoadAttributes (1145ms)
				ProcessInitializeOnLoadMethodAttributes (64ms)
				AfterProcessingInitializeOnLoad (25ms)
				EditorAssembliesLoaded (0ms)
			ExecutionOrderSort2 (0ms)
			AwakeInstancesAfterBackupRestoration (148ms)
Platform modules already initialized, skipping
Refreshing native plugins compatible for Editor in 9.37 ms, found 6 plugins.
Preloading 0 native plugins for Editor in 0.00 ms.
Unloading 3884 Unused Serialized files (Serialized files now loaded: 1)
Unloading 31 unused Assets / (80.9 KB). Loaded Objects now: 4434.
Memory consumption went from 145.6 MB to 145.6 MB.
Total: 23.556600 ms (FindLiveObjects: 0.513100 ms CreateObjectMapping: 0.426800 ms MarkObjects: 22.351400 ms  DeleteObjects: 0.262800 ms)

AssetImportParameters requested are different than current active one (requested -> active):
  custom:video-decoder-ogg-theora: a1e56fd34408186e4bbccfd4996cb3dc -> 
  custom:container-muxer-webm: aa71ff27fc2769a1b78a27578f13a17b -> 
  custom:container-demuxer-webm: 4f35f7cbe854078d1ac9338744f61a02 -> 
  custom:video-encoder-webm-vp8: eb34c28f22e8b96e1ab97ce403110664 -> 
  custom:audio-encoder-webm-vorbis: bf7c407c2cedff20999df2af8eb42d56 -> 
  custom:framework-win-MediaFoundation: 216162199b28c13a410421893ffa2e32 -> 
  custom:container-demuxer-ogg: 62fdf1f143b41e24485cea50d1cbac27 -> 
  custom:video-decoder-webm-vp8: 9c59270c3fd7afecdb556c50c9e8de78 -> 
  custom:audio-decoder-ogg-vorbis: bf7c407c2cedff20999df2af8eb42d56 -> 
